{"C:\\Code\\wpapihandler\\src\\index.ts": {"path":"C:\\Code\\wpapihandler\\src\\index.ts","statementMap":{},"fnMap":{},"branchMap":{},"s":{},"f":{},"b":{},"_coverageSchema":"1a1c01bbd47fc00a2c39e90264f33305004495a9","hash":"e1c80dbff37646d650e36be6e70421a103ddf62b"}
,"C:\\Code\\wpapihandler\\src\\wpapihandler.ts": {"path":"C:\\Code\\wpapihandler\\src\\wpapihandler.ts","statementMap":{"0":{"start":{"line":48,"column":60},"end":{"line":48,"column":67}},"1":{"start":{"line":49,"column":8},"end":{"line":49,"column":45}},"2":{"start":{"line":50,"column":8},"end":{"line":50,"column":49}},"3":{"start":{"line":51,"column":8},"end":{"line":51,"column":32}},"4":{"start":{"line":72,"column":8},"end":{"line":81,"column":9}},"5":{"start":{"line":73,"column":29},"end":{"line":76,"column":13}},"6":{"start":{"line":77,"column":12},"end":{"line":77,"column":60}},"7":{"start":{"line":79,"column":12},"end":{"line":79,"column":57}},"8":{"start":{"line":80,"column":12},"end":{"line":80,"column":24}},"9":{"start":{"line":89,"column":12},"end":{"line":89,"column":68}},"10":{"start":{"line":90,"column":8},"end":{"line":92,"column":9}},"11":{"start":{"line":91,"column":12},"end":{"line":91,"column":27}},"12":{"start":{"line":93,"column":8},"end":{"line":93,"column":48}},"13":{"start":{"line":128,"column":28},"end":{"line":128,"column":49}},"14":{"start":{"line":129,"column":8},"end":{"line":146,"column":9}},"15":{"start":{"line":130,"column":32},"end":{"line":132,"column":13}},"16":{"start":{"line":133,"column":12},"end":{"line":143,"column":13}},"17":{"start":{"line":134,"column":16},"end":{"line":137,"column":18}},"18":{"start":{"line":139,"column":16},"end":{"line":142,"column":18}},"19":{"start":{"line":145,"column":12},"end":{"line":145,"column":48}},"20":{"start":{"line":174,"column":8},"end":{"line":189,"column":9}},"21":{"start":{"line":175,"column":29},"end":{"line":179,"column":13}},"22":{"start":{"line":180,"column":12},"end":{"line":183,"column":14}},"23":{"start":{"line":185,"column":12},"end":{"line":188,"column":14}},"24":{"start":{"line":222,"column":8},"end":{"line":246,"column":9}},"25":{"start":{"line":223,"column":29},"end":{"line":226,"column":13}},"26":{"start":{"line":228,"column":12},"end":{"line":232,"column":13}},"27":{"start":{"line":229,"column":16},"end":{"line":229,"column":28}},"28":{"start":{"line":231,"column":16},"end":{"line":231,"column":29}},"29":{"start":{"line":234,"column":12},"end":{"line":245,"column":13}},"30":{"start":{"line":235,"column":16},"end":{"line":241,"column":17}},"31":{"start":{"line":236,"column":20},"end":{"line":236,"column":62}},"32":{"start":{"line":237,"column":23},"end":{"line":241,"column":17}},"33":{"start":{"line":238,"column":20},"end":{"line":238,"column":75}},"34":{"start":{"line":240,"column":20},"end":{"line":240,"column":32}},"35":{"start":{"line":243,"column":16},"end":{"line":243,"column":70}},"36":{"start":{"line":244,"column":16},"end":{"line":244,"column":29}},"37":{"start":{"line":250,"column":35},"end":{"line":250,"column":37}},"38":{"start":{"line":251,"column":24},"end":{"line":251,"column":25}},"39":{"start":{"line":253,"column":8},"end":{"line":270,"column":9}},"40":{"start":{"line":254,"column":36},"end":{"line":254,"column":57}},"41":{"start":{"line":256,"column":32},"end":{"line":260,"column":13}},"42":{"start":{"line":261,"column":12},"end":{"line":268,"column":13}},"43":{"start":{"line":262,"column":16},"end":{"line":262,"column":40}},"44":{"start":{"line":264,"column":16},"end":{"line":267,"column":18}},"45":{"start":{"line":269,"column":12},"end":{"line":269,"column":30}},"46":{"start":{"line":272,"column":8},"end":{"line":275,"column":10}},"47":{"start":{"line":279,"column":8},"end":{"line":285,"column":9}},"48":{"start":{"line":280,"column":29},"end":{"line":280,"column":68}},"49":{"start":{"line":281,"column":12},"end":{"line":281,"column":73}},"50":{"start":{"line":283,"column":12},"end":{"line":283,"column":51}},"51":{"start":{"line":284,"column":12},"end":{"line":284,"column":24}}},"fnMap":{"0":{"name":"(anonymous_0)","decl":{"start":{"line":47,"column":4},"end":{"line":47,"column":5}},"loc":{"start":{"line":47,"column":58},"end":{"line":52,"column":5}},"line":47},"1":{"name":"(anonymous_1)","decl":{"start":{"line":71,"column":4},"end":{"line":71,"column":5}},"loc":{"start":{"line":71,"column":38},"end":{"line":82,"column":5}},"line":71},"2":{"name":"(anonymous_2)","decl":{"start":{"line":87,"column":4},"end":{"line":87,"column":5}},"loc":{"start":{"line":87,"column":51},"end":{"line":94,"column":5}},"line":87},"3":{"name":"(anonymous_3)","decl":{"start":{"line":127,"column":4},"end":{"line":127,"column":5}},"loc":{"start":{"line":127,"column":54},"end":{"line":147,"column":5}},"line":127},"4":{"name":"(anonymous_4)","decl":{"start":{"line":173,"column":4},"end":{"line":173,"column":5}},"loc":{"start":{"line":173,"column":57},"end":{"line":190,"column":5}},"line":173},"5":{"name":"(anonymous_5)","decl":{"start":{"line":221,"column":4},"end":{"line":221,"column":5}},"loc":{"start":{"line":221,"column":47},"end":{"line":247,"column":5}},"line":221},"6":{"name":"(anonymous_6)","decl":{"start":{"line":249,"column":4},"end":{"line":249,"column":5}},"loc":{"start":{"line":249,"column":66},"end":{"line":276,"column":5}},"line":249},"7":{"name":"(anonymous_7)","decl":{"start":{"line":278,"column":4},"end":{"line":278,"column":5}},"loc":{"start":{"line":278,"column":72},"end":{"line":286,"column":5}},"line":278}},"branchMap":{"0":{"loc":{"start":{"line":90,"column":8},"end":{"line":92,"column":9}},"type":"if","locations":[{"start":{"line":90,"column":8},"end":{"line":92,"column":9}},{"start":{},"end":{}}],"line":90},"1":{"loc":{"start":{"line":129,"column":8},"end":{"line":146,"column":9}},"type":"if","locations":[{"start":{"line":129,"column":8},"end":{"line":146,"column":9}},{"start":{"line":144,"column":15},"end":{"line":146,"column":9}}],"line":129},"2":{"loc":{"start":{"line":133,"column":12},"end":{"line":143,"column":13}},"type":"if","locations":[{"start":{"line":133,"column":12},"end":{"line":143,"column":13}},{"start":{"line":138,"column":19},"end":{"line":143,"column":13}}],"line":133},"3":{"loc":{"start":{"line":228,"column":12},"end":{"line":232,"column":13}},"type":"if","locations":[{"start":{"line":228,"column":12},"end":{"line":232,"column":13}},{"start":{"line":230,"column":19},"end":{"line":232,"column":13}}],"line":228},"4":{"loc":{"start":{"line":234,"column":12},"end":{"line":245,"column":13}},"type":"if","locations":[{"start":{"line":234,"column":12},"end":{"line":245,"column":13}},{"start":{"line":242,"column":19},"end":{"line":245,"column":13}}],"line":234},"5":{"loc":{"start":{"line":235,"column":16},"end":{"line":241,"column":17}},"type":"if","locations":[{"start":{"line":235,"column":16},"end":{"line":241,"column":17}},{"start":{"line":237,"column":23},"end":{"line":241,"column":17}}],"line":235},"6":{"loc":{"start":{"line":237,"column":23},"end":{"line":241,"column":17}},"type":"if","locations":[{"start":{"line":237,"column":23},"end":{"line":241,"column":17}},{"start":{"line":239,"column":23},"end":{"line":241,"column":17}}],"line":237},"7":{"loc":{"start":{"line":261,"column":12},"end":{"line":268,"column":13}},"type":"if","locations":[{"start":{"line":261,"column":12},"end":{"line":268,"column":13}},{"start":{"line":263,"column":19},"end":{"line":268,"column":13}}],"line":261}},"s":{"0":3,"1":3,"2":3,"3":3,"4":3,"5":3,"6":3,"7":0,"8":0,"9":0,"10":0,"11":0,"12":0,"13":2,"14":2,"15":1,"16":1,"17":1,"18":0,"19":1,"20":0,"21":0,"22":0,"23":0,"24":3,"25":3,"26":3,"27":3,"28":0,"29":0,"30":0,"31":0,"32":0,"33":0,"34":0,"35":0,"36":0,"37":1,"38":1,"39":1,"40":4,"41":4,"42":4,"43":4,"44":0,"45":4,"46":1,"47":5,"48":5,"49":5,"50":0,"51":0},"f":{"0":3,"1":3,"2":0,"3":2,"4":0,"5":3,"6":1,"7":5},"b":{"0":[0,0],"1":[1,1],"2":[1,0],"3":[3,0],"4":[0,0],"5":[0,0],"6":[0,0],"7":[4,0]},"_coverageSchema":"1a1c01bbd47fc00a2c39e90264f33305004495a9","hash":"1a0f055bf057ab5193c702a926a2c2a832cf9a1d"}
,"C:\\Code\\wpapihandler\\src\\errors\\errors.ts": {"path":"C:\\Code\\wpapihandler\\src\\errors\\errors.ts","statementMap":{"0":{"start":{"line":3,"column":8},"end":{"line":3,"column":23}},"1":{"start":{"line":4,"column":8},"end":{"line":4,"column":63}},"2":{"start":{"line":10,"column":8},"end":{"line":10,"column":23}},"3":{"start":{"line":11,"column":8},"end":{"line":11,"column":59}}},"fnMap":{"0":{"name":"(anonymous_0)","decl":{"start":{"line":2,"column":4},"end":{"line":2,"column":5}},"loc":{"start":{"line":2,"column":33},"end":{"line":5,"column":5}},"line":2},"1":{"name":"(anonymous_1)","decl":{"start":{"line":9,"column":4},"end":{"line":9,"column":5}},"loc":{"start":{"line":9,"column":33},"end":{"line":12,"column":5}},"line":9}},"branchMap":{},"s":{"0":0,"1":0,"2":0,"3":0},"f":{"0":0,"1":0},"b":{},"_coverageSchema":"1a1c01bbd47fc00a2c39e90264f33305004495a9","hash":"2a5502f35c4f74214c5734a9d96aa9ea8015d3c7"}
}
