TN:
SF:src\index.ts
FNF:0
FNH:0
LF:0
LH:0
BRF:0
BRH:0
end_of_record
TN:
SF:src\wpapihandler.ts
FN:47,(anonymous_0)
FN:71,(anonymous_1)
FN:87,(anonymous_2)
FN:127,(anonymous_3)
FN:173,(anonymous_4)
FN:221,(anonymous_5)
FN:249,(anonymous_6)
FN:278,(anonymous_7)
FNF:8
FNH:6
FNDA:3,(anonymous_0)
FNDA:3,(anonymous_1)
FNDA:0,(anonymous_2)
FNDA:2,(anonymous_3)
FNDA:0,(anonymous_4)
FNDA:3,(anonymous_5)
FNDA:1,(anonymous_6)
FNDA:5,(anonymous_7)
DA:48,3
DA:49,3
DA:50,3
DA:51,3
DA:72,3
DA:73,3
DA:77,3
DA:79,0
DA:80,0
DA:89,0
DA:90,0
DA:91,0
DA:93,0
DA:128,2
DA:129,2
DA:130,1
DA:133,1
DA:134,1
DA:139,0
DA:145,1
DA:174,0
DA:175,0
DA:180,0
DA:185,0
DA:222,3
DA:223,3
DA:228,3
DA:229,3
DA:231,0
DA:234,0
DA:235,0
DA:236,0
DA:237,0
DA:238,0
DA:240,0
DA:243,0
DA:244,0
DA:250,1
DA:251,1
DA:253,1
DA:254,4
DA:256,4
DA:261,4
DA:262,4
DA:264,0
DA:269,4
DA:272,1
DA:279,5
DA:280,5
DA:281,5
DA:283,0
DA:284,0
LF:52
LH:29
BRDA:90,0,0,0
BRDA:90,0,1,0
BRDA:129,1,0,1
BRDA:129,1,1,1
BRDA:133,2,0,1
BRDA:133,2,1,0
BRDA:228,3,0,3
BRDA:228,3,1,0
BRDA:234,4,0,0
BRDA:234,4,1,0
BRDA:235,5,0,0
BRDA:235,5,1,0
BRDA:237,6,0,0
BRDA:237,6,1,0
BRDA:261,7,0,4
BRDA:261,7,1,0
BRF:16
BRH:5
end_of_record
TN:
SF:src\errors\errors.ts
FN:2,(anonymous_0)
FN:9,(anonymous_1)
FNF:2
FNH:0
FNDA:0,(anonymous_0)
FNDA:0,(anonymous_1)
DA:3,0
DA:4,0
DA:10,0
DA:11,0
LF:4
LH:0
BRF:0
BRH:0
end_of_record
